<?xml version="1.0" encoding="UTF-8"?>
<!-- Generated by org.testng.reporters.JUnitReportReporter -->
<testsuite hostname="DESKTOP-O1KM3J9" failures="0" tests="1" name="Test.Dashbrdtst" time="0.005" errors="0" timestamp="2023-09-13T14:02:34 IST" skipped="0">
  <testcase classname="Test.Dashbrdtst" name="dshbrdtst" time="0.005"/>
  <system-out/>
</testsuite> <!-- Test.Dashbrdtst -->
